<?xml version="1.0" encoding="UTF-8"?>
<!-- Generated by org.testng.reporters.JUnitReportReporter -->
<testsuite skipped="0" hostname="DESKTOP-H2MKU22" name="jan23.Test2" tests="3" failures="0" timestamp="05 Mar 2020 05:31:32 GMT" time="65.294" errors="0">
  <testcase name="hotelLink" time="21.331" classname="jan23.Test2"/>
  <testcase name="registerLink" time="21.412" classname="jan23.Test2"/>
  <testcase name="carrentalsLink" time="22.551" classname="jan23.Test2"/>
</testsuite> <!-- jan23.Test2 -->
