<?xml version="1.0" encoding="UTF-8"?>
<!-- Generated by org.testng.reporters.JUnitReportReporter -->
<testsuite skipped="0" hostname="DESKTOP-H2MKU22" name="jan23.Sample" tests="3" failures="0" timestamp="23 Jan 2020 08:22:40 GMT" time="0.016" errors="0">
  <testcase name="login" time="0.000" classname="jan23.Sample"/>
  <testcase name="compose" time="0.016" classname="jan23.Sample"/>
  <testcase name="reply" time="0.000" classname="jan23.Sample"/>
</testsuite> <!-- jan23.Sample -->
