<?xml version="1.0" encoding="UTF-8"?>
<!-- Generated by org.testng.reporters.JUnitReportReporter -->
<testsuite skipped="0" hostname="DESKTOP-H2MKU22" name="jan29.Property" tests="1" failures="0" timestamp="05 Mar 2020 05:33:24 GMT" time="5.552" errors="0">
  <testcase name="login" time="5.552" classname="jan29.Property"/>
</testsuite> <!-- jan29.Property -->
