<?xml version="1.0" encoding="UTF-8"?>
<!-- Generated by org.testng.reporters.JUnitReportReporter -->
<testsuite skipped="0" hostname="DESKTOP-H2MKU22" name="jan26.Extentreport" tests="3" failures="0" timestamp="29 Jan 2020 08:39:16 GMT" time="0.738" errors="0">
  <testcase name="failTest" time="0.566" classname="jan26.Extentreport"/>
  <testcase name="passTest" time="0.081" classname="jan26.Extentreport"/>
  <testcase name="skipTest" time="0.091" classname="jan26.Extentreport"/>
</testsuite> <!-- jan26.Extentreport -->
