<?xml version="1.0" encoding="UTF-8"?>
<!-- Generated by org.testng.reporters.JUnitReportReporter -->
<testsuite skipped="0" hostname="DESKTOP-H2MKU22" name="jan29.Property" tests="1" failures="0" timestamp="29 Jan 2020 09:00:28 GMT" time="5.289" errors="0">
  <testcase name="login" time="5.289" classname="jan29.Property"/>
</testsuite> <!-- jan29.Property -->
