<?xml version="1.0" encoding="UTF-8"?>
<!-- Generated by org.testng.reporters.JUnitReportReporter -->
<testsuite skipped="0" hostname="DESKTOP-H2MKU22" name="jan23.Testng1" tests="2" failures="0" timestamp="23 Jan 2020 08:22:40 GMT" time="0.015" errors="0">
  <testcase name="tc2" time="0.000" classname="jan23.Testng1"/>
  <testcase name="tc1" time="0.015" classname="jan23.Testng1"/>
</testsuite> <!-- jan23.Testng1 -->
