<?xml version="1.0" encoding="UTF-8"?>
<!-- Generated by org.testng.reporters.JUnitReportReporter -->
<testsuite skipped="0" hostname="DESKTOP-H2MKU22" name="jan23.Test1" tests="3" failures="0" timestamp="25 Jan 2020 15:01:23 GMT" time="16.413" errors="0">
  <testcase name="registeLink" time="5.730" classname="jan23.Test1"/>
  <testcase name="hotelLink" time="5.499" classname="jan23.Test1"/>
  <testcase name="carrentalsLink" time="5.184" classname="jan23.Test1"/>
</testsuite> <!-- jan23.Test1 -->
