<?xml version="1.0" encoding="UTF-8"?>
<!-- Generated by org.testng.reporters.JUnitReportReporter -->
<testsuite skipped="0" hostname="DESKTOP-H2MKU22" name="jan29.Datadriven$DataDriven" tests="1" failures="0" timestamp="05 Mar 2020 05:39:35 GMT" time="64.540" errors="0">
  <testcase name="Login" time="64.540" classname="jan29.Datadriven$DataDriven"/>
</testsuite> <!-- jan29.Datadriven$DataDriven -->
