<?xml version="1.0" encoding="UTF-8"?>
<!-- Generated by org.testng.reporters.JUnitReportReporter -->
<testsuite skipped="0" hostname="DESKTOP-H2MKU22" name="jan21.NewTest" tests="1" failures="0" timestamp="23 Jan 2020 08:24:42 GMT" time="0.000" errors="0">
  <testcase name="f" time="0.000" classname="jan21.NewTest"/>
</testsuite> <!-- jan21.NewTest -->
