<?xml version="1.0" encoding="UTF-8"?>
<!-- Generated by org.testng.reporters.JUnitReportReporter -->
<testsuite skipped="0" hostname="DESKTOP-H2MKU22" name="jan29.Datadriven$DataDriven" tests="1" failures="0" timestamp="30 Jan 2020 15:15:37 GMT" time="79.423" errors="0">
  <testcase name="Login" time="79.423" classname="jan29.Datadriven$DataDriven"/>
</testsuite> <!-- jan29.Datadriven$DataDriven -->
