<?xml version="1.0" encoding="UTF-8"?>
<!-- Generated by org.testng.reporters.JUnitReportReporter -->
<testsuite skipped="0" hostname="DESKTOP-H2MKU22" name="jan23.Checkingtitle" tests="1" failures="0" timestamp="24 Jan 2020 09:58:38 GMT" time="23.354" errors="0">
  <testcase name="titleverification" time="23.354" classname="jan23.Checkingtitle"/>
</testsuite> <!-- jan23.Checkingtitle -->
